#
# There is insufficient memory for the Java Runtime Environment to continue.
# Native memory allocation (mmap) failed to map 67108864 bytes for G1 virtual space
# Possible reasons:
#   The system is out of physical RAM or swap space
#   The process is running with CompressedOops enabled, and the Java Heap may be blocking the growth of the native heap
# Possible solutions:
#   Reduce memory load on the system
#   Increase physical memory or swap space
#   Check if swap backing store is full
#   Decrease Java heap size (-Xmx/-Xms)
#   Decrease number of Java threads
#   Decrease Java thread stack sizes (-Xss)
#   Set larger code cache with -XX:ReservedCodeCacheSize=
#   JVM is running with Unscaled Compressed Oops mode in which the Java heap is
#     placed in the first 4GB address space. The Java Heap base address is the
#     maximum limit for the native heap growth. Please use -XX:HeapBaseMinAddress
#     to set the Java Heap base and to place the Java Heap above 4GB virtual address.
# This output file may be truncated or incomplete.
#
#  Out of Memory Error (os_windows.cpp:3530), pid=4572, tid=6996
#
# JRE version:  (18.0.1+10) (build )
# Java VM: OpenJDK 64-Bit Server VM (18.0.1+10, mixed mode, sharing, tiered, compressed oops, compressed class ptrs, g1 gc, windows-amd64)
# No core dump will be written. Minidumps are not enabled by default on client versions of Windows
#

---------------  S U M M A R Y ------------

Command Line: -Dfile.encoding=UTF-8 -XX:+ShowCodeDetailsInExceptionMessages com.sofka.test.Naves

Host: Intel(R) Core(TM) i5-4200U CPU @ 1.60GHz, 4 cores, 3G,  Windows 10 , 64 bit Build 19041 (10.0.19041.1806)
Time: Sat Jul 30 10:46:18 2022 Hora est. Pacífico, Sudamérica elapsed time: 0.394089 seconds (0d 0h 0m 0s)

---------------  T H R E A D  ---------------

Current thread (0x0000016bc236b2e0):  JavaThread "Unknown thread" [_thread_in_vm, id=6996, stack(0x0000003be9000000,0x0000003be9100000)]

Stack: [0x0000003be9000000,0x0000003be9100000]
Native frames: (J=compiled Java code, j=interpreted, Vv=VM code, C=native code)
V  [jvm.dll+0x69cd4a]
V  [jvm.dll+0x84b63d]
V  [jvm.dll+0x84cf4e]
V  [jvm.dll+0x84d603]
V  [jvm.dll+0x25f19f]
V  [jvm.dll+0x699bb9]
V  [jvm.dll+0x68e6ea]
V  [jvm.dll+0x324e1b]
V  [jvm.dll+0x32c826]
V  [jvm.dll+0x38127e]
V  [jvm.dll+0x3814af]
V  [jvm.dll+0x2fcaba]
V  [jvm.dll+0x2fdb1d]
V  [jvm.dll+0x81a290]
V  [jvm.dll+0x38e611]
V  [jvm.dll+0x7f8f63]
V  [jvm.dll+0x41045f]
V  [jvm.dll+0x411f11]
C  [jli.dll+0x5267]
C  [ucrtbase.dll+0x21bb2]
C  [KERNEL32.DLL+0x17034]
C  [ntdll.dll+0x52651]


---------------  P R O C E S S  ---------------

Threads class SMR info:
_java_thread_list=0x00007ff8cf84de10, length=0, elements={
}

Java Threads: ( => current thread )

Other Threads:
  0x0000016bc454db50 WorkerThread "GC Thread#0" [stack: 0x0000003be9100000,0x0000003be9200000] [id=4776]
  0x0000016bc4556f60 ConcurrentGCThread "G1 Main Marker" [stack: 0x0000003be9200000,0x0000003be9300000] [id=12072]
  0x0000016bc4557950 WorkerThread "G1 Conc#0" [stack: 0x0000003be9300000,0x0000003be9400000] [id=7044]

[error occurred during error reporting (printing all threads), id 0xc0000005, EXCEPTION_ACCESS_VIOLATION (0xc0000005) at pc=0x00007ff8cf00d0e7]

VM state: not at safepoint (not fully initialized)

VM Mutex/Monitor currently owned by a thread:  ([mutex/lock_event])
[0x0000016bc450e070] Heap_lock - owner thread: 0x0000016bc236b2e0

Heap address: 0x00000000c1600000, size: 1002 MB, Compressed Oops mode: 32-bit

CDS archive(s) mapped at: [0x0000000000000000-0x0000000000000000-0x0000000000000000), size 0, SharedBaseAddress: 0x0000000800000000, ArchiveRelocationMode: 0.
Narrow klass base: 0x0000000000000000, Narrow klass shift: 0, Narrow klass range: 0x0

GC Precious Log:
 CardTable entry size: 512
 Card Set container configuration: InlinePtr #cards 5 size 8 Array Of Cards #cards 12 size 40 Howl #buckets 4 coarsen threshold 1843 Howl Bitmap #cards 512 size 80 coarsen threshold 460 Card regions per heap region 1 cards per card region 2048

Heap:
 garbage-first heap   total 0K, used 0K [0x00000000c1600000, 0x0000000100000000)
  region size 1024K, 0 young (0K), 0 survivors (0K)

[error occurred during error reporting (printing heap information), id 0xc0000005, EXCEPTION_ACCESS_VIOLATION (0xc0000005) at pc=0x00007ff8cf3f5109]

GC Heap History (0 events):
No events

Deoptimization events (0 events):
No events

Classes loaded (0 events):
No events

Classes unloaded (0 events):
No events

Classes redefined (0 events):
No events

Internal exceptions (0 events):
No events

VM Operations (0 events):
No events

Events (1 events):
Event: 0.268 Loaded shared library C:\Users\hader\.p2\pool\plugins\org.eclipse.justj.openjdk.hotspot.jre.full.win32.x86_64_18.0.1.v20220515-1614\jre\bin\java.dll


Dynamic libraries:
0x00007ff622270000 - 0x00007ff62227e000 	C:\Users\hader\.p2\pool\plugins\org.eclipse.justj.openjdk.hotspot.jre.full.win32.x86_64_18.0.1.v20220515-1614\jre\bin\javaw.exe
0x00007ff9171f0000 - 0x00007ff9173e8000 	C:\WINDOWS\SYSTEM32\ntdll.dll
0x00007ff915e50000 - 0x00007ff915f0d000 	C:\WINDOWS\System32\KERNEL32.DLL
0x00007ff914910000 - 0x00007ff914bde000 	C:\WINDOWS\System32\KERNELBASE.dll
0x00007ff9150e0000 - 0x00007ff9151e0000 	C:\WINDOWS\System32\ucrtbase.dll
0x00007ff90fc10000 - 0x00007ff90fc27000 	C:\Users\hader\.p2\pool\plugins\org.eclipse.justj.openjdk.hotspot.jre.full.win32.x86_64_18.0.1.v20220515-1614\jre\bin\jli.dll
0x00007ff9160d0000 - 0x00007ff916270000 	C:\WINDOWS\System32\USER32.dll
0x00007ff914fa0000 - 0x00007ff914fc2000 	C:\WINDOWS\System32\win32u.dll
0x00007ff9152e0000 - 0x00007ff91530a000 	C:\WINDOWS\System32\GDI32.dll
0x00007ff914fd0000 - 0x00007ff9150db000 	C:\WINDOWS\System32\gdi32full.dll
0x00007ff914c10000 - 0x00007ff914cad000 	C:\WINDOWS\System32\msvcp_win.dll
0x00007ff904ca0000 - 0x00007ff904f3a000 	C:\WINDOWS\WinSxS\amd64_microsoft.windows.common-controls_6595b64144ccf1df_6.0.19041.1110_none_60b5254171f9507e\COMCTL32.dll
0x00007ff917110000 - 0x00007ff9171ae000 	C:\WINDOWS\System32\msvcrt.dll
0x00007ff90ec40000 - 0x00007ff90ec59000 	C:\Users\hader\.p2\pool\plugins\org.eclipse.justj.openjdk.hotspot.jre.full.win32.x86_64_18.0.1.v20220515-1614\jre\bin\VCRUNTIME140.dll
0x00007ff9152b0000 - 0x00007ff9152e0000 	C:\WINDOWS\System32\IMM32.DLL
0x00007ff90f580000 - 0x00007ff90f58c000 	C:\Users\hader\.p2\pool\plugins\org.eclipse.justj.openjdk.hotspot.jre.full.win32.x86_64_18.0.1.v20220515-1614\jre\bin\vcruntime140_1.dll
0x00007ff90e670000 - 0x00007ff90e701000 	C:\Users\hader\.p2\pool\plugins\org.eclipse.justj.openjdk.hotspot.jre.full.win32.x86_64_18.0.1.v20220515-1614\jre\bin\msvcp140.dll
0x00007ff8ced00000 - 0x00007ff8cf989000 	C:\Users\hader\.p2\pool\plugins\org.eclipse.justj.openjdk.hotspot.jre.full.win32.x86_64_18.0.1.v20220515-1614\jre\bin\server\jvm.dll
0x00007ff915fb0000 - 0x00007ff91605e000 	C:\WINDOWS\System32\ADVAPI32.dll
0x00007ff915f10000 - 0x00007ff915fac000 	C:\WINDOWS\System32\sechost.dll
0x00007ff916f60000 - 0x00007ff917085000 	C:\WINDOWS\System32\RPCRT4.dll
0x00007ff9166a0000 - 0x00007ff9166a8000 	C:\WINDOWS\System32\PSAPI.DLL
0x00007ff904a50000 - 0x00007ff904a77000 	C:\WINDOWS\SYSTEM32\WINMM.dll
0x00007ff904f80000 - 0x00007ff904f8a000 	C:\WINDOWS\SYSTEM32\VERSION.dll
0x00007ff910750000 - 0x00007ff910759000 	C:\WINDOWS\SYSTEM32\WSOCK32.dll
0x00007ff917090000 - 0x00007ff9170fb000 	C:\WINDOWS\System32\WS2_32.dll
0x00007ff912810000 - 0x00007ff912822000 	C:\WINDOWS\SYSTEM32\kernel.appcore.dll
0x00007ff910740000 - 0x00007ff91074a000 	C:\Users\hader\.p2\pool\plugins\org.eclipse.justj.openjdk.hotspot.jre.full.win32.x86_64_18.0.1.v20220515-1614\jre\bin\jimage.dll
0x00007ff901280000 - 0x00007ff901464000 	C:\WINDOWS\SYSTEM32\DBGHELP.DLL
0x00007ff901120000 - 0x00007ff90114c000 	C:\WINDOWS\SYSTEM32\dbgcore.DLL
0x00007ff914d00000 - 0x00007ff914d82000 	C:\WINDOWS\System32\bcryptPrimitives.dll
0x00007ff903510000 - 0x00007ff903535000 	C:\Users\hader\.p2\pool\plugins\org.eclipse.justj.openjdk.hotspot.jre.full.win32.x86_64_18.0.1.v20220515-1614\jre\bin\java.dll

dbghelp: loaded successfully - version: 4.0.5 - missing functions: none
symbol engine: initialized successfully - sym options: 0x614 - pdb path: .;C:\Users\hader\.p2\pool\plugins\org.eclipse.justj.openjdk.hotspot.jre.full.win32.x86_64_18.0.1.v20220515-1614\jre\bin;C:\WINDOWS\SYSTEM32;C:\WINDOWS\WinSxS\amd64_microsoft.windows.common-controls_6595b64144ccf1df_6.0.19041.1110_none_60b5254171f9507e;C:\Users\hader\.p2\pool\plugins\org.eclipse.justj.openjdk.hotspot.jre.full.win32.x86_64_18.0.1.v20220515-1614\jre\bin\server

VM Arguments:
jvm_args: -Dfile.encoding=UTF-8 -XX:+ShowCodeDetailsInExceptionMessages 
java_command: com.sofka.test.Naves
java_class_path (initial): C:\Users\hader\Downloads\JavaVirtual\EstacionEspacialSofka\bin
Launcher Type: SUN_STANDARD

[Global flags]
     intx CICompilerCount                          = 3                                         {product} {ergonomic}
     uint ConcGCThreads                            = 1                                         {product} {ergonomic}
     uint G1ConcRefinementThreads                  = 4                                         {product} {ergonomic}
   size_t G1HeapRegionSize                         = 1048576                                   {product} {ergonomic}
    uintx GCDrainStackTargetSize                   = 64                                        {product} {ergonomic}
   size_t InitialHeapSize                          = 67108864                                  {product} {ergonomic}
   size_t MarkStackSize                            = 4194304                                   {product} {ergonomic}
   size_t MaxHeapSize                              = 1050673152                                {product} {ergonomic}
   size_t MinHeapDeltaBytes                        = 1048576                                   {product} {ergonomic}
   size_t MinHeapSize                              = 8388608                                   {product} {ergonomic}
    uintx NonNMethodCodeHeapSize                   = 5832780                                {pd product} {ergonomic}
    uintx NonProfiledCodeHeapSize                  = 122912730                              {pd product} {ergonomic}
    uintx ProfiledCodeHeapSize                     = 122912730                              {pd product} {ergonomic}
    uintx ReservedCodeCacheSize                    = 251658240                              {pd product} {ergonomic}
     bool SegmentedCodeCache                       = true                                      {product} {ergonomic}
     bool ShowCodeDetailsInExceptionMessages       = true                                   {manageable} {command line}
   size_t SoftMaxHeapSize                          = 1050673152                             {manageable} {ergonomic}
     bool UseCompressedClassPointers               = true                           {product lp64_product} {ergonomic}
     bool UseCompressedOops                        = true                           {product lp64_product} {ergonomic}
     bool UseG1GC                                  = true                                      {product} {ergonomic}
     bool UseLargePagesIndividualAllocation        = false                                  {pd product} {ergonomic}

Logging:
Log output configuration:
 #0: stdout all=warning uptime,level,tags foldmultilines=false
 #1: stderr all=off uptime,level,tags foldmultilines=false

Environment Variables:
JAVA_HOME=C:\Program Files\Java\jdk1.8.0_281
PATH=C:/Users/hader/.p2/pool/plugins/org.eclipse.justj.openjdk.hotspot.jre.full.win32.x86_64_18.0.1.v20220515-1614/jre/bin/server;C:/Users/hader/.p2/pool/plugins/org.eclipse.justj.openjdk.hotspot.jre.full.win32.x86_64_18.0.1.v20220515-1614/jre/bin;C:\Program Files\Microsoft\jdk-11.0.12.7-hotspot\bin;C:\WINDOWS\system32;C:\WINDOWS;C:\WINDOWS\System32\Wbem;C:\WINDOWS\System32\WindowsPowerShell\v1.0\;C:\WINDOWS\System32\OpenSSH\;C:\Program Files\dotnet\;C:\Program Files\Java\jdk1.8.0_281\bin;C:\Program Files\nodejs\;C:\Program Files\Git\cmd;C:\Users\hader\AppData\Local\Microsoft\WindowsApps;C:\Users\hader\.dotnet\tools;C:\Users\hader\AppData\Roaming\npm;C:\Users\hader\AppData\Local\Programs\Microsoft VS Code\bin;C:\Users\hader\AppData\Local\GitHubDesktop\bin;C:\Users\hader\eclipse\java-2021-03\eclipse;
USERNAME=hader
OS=Windows_NT
PROCESSOR_IDENTIFIER=Intel64 Family 6 Model 69 Stepping 1, GenuineIntel



---------------  S Y S T E M  ---------------

OS:
 Windows 10 , 64 bit Build 19041 (10.0.19041.1806)
OS uptime: 3 days 18:01 hours

CPU: total 4 (initial active 4) (2 cores per cpu, 2 threads per core) family 6 model 69 stepping 1 microcode 0x25, cx8, cmov, fxsr, ht, mmx, sse, sse2, sse3, ssse3, sse4.1, sse4.2, popcnt, lzcnt, tsc, tscinvbit, avx, avx2, aes, erms, clmul, bmi1, bmi2, fma, vzeroupper, clflush

Memory: 4k page, system-wide physical 4000M (194M free)
TotalPageFile size 16288M (AvailPageFile size 12M)
current process WorkingSet (physical memory assigned to process): 9M, peak: 9M
current process commit charge ("private bytes"): 51M, peak: 115M

vm_info: OpenJDK 64-Bit Server VM (18.0.1+10) for windows-amd64 JRE (18.0.1+10), built on Apr 20 2022 05:04:48 by "" with MS VC++ 16.7 (VS2019)

END.
